<?xml version="1.0" encoding="UTF-8"?>
<!-- Generated by org.testng.reporters.JUnitXMLReporter -->
<testsuite ignored="0" hostname="Shamanth" failures="0" tests="7" name="Surefire test" time="104.474" errors="0" timestamp="2024-01-27T22:36:55 IST">
  <testcase classname="io.cucumber.testng.AbstractTestNGCucumberTests" name="runScenario" time="6.593"/>
  <testcase classname="io.cucumber.testng.AbstractTestNGCucumberTests" name="runScenario" time="23.238"/>
  <testcase classname="masudeokarwork.SeleniumFrameworkDesign.ErrorValidationTest" name="LoginErrorValidation" time="0.843"/>
  <testcase classname="masudeokarwork.SeleniumFrameworkDesign.ErrorValidationTest" name="productErrorValidation" time="16.105"/>
  <testcase classname="masudeokarwork.SeleniumFrameworkDesign.SubmitOrderTest" name="SubmitOrder" time="18.832"/>
  <testcase classname="masudeokarwork.SeleniumFrameworkDesign.SubmitOrderTest" name="SubmitOrder" time="17.93"/>
  <testcase classname="masudeokarwork.SeleniumFrameworkDesign.SubmitOrderTest" name="orderHistoryTest" time="1.317"/>
</testsuite> <!-- Surefire test -->
