<?xml version="1.0" encoding="UTF-8"?>
<!-- Generated by org.testng.reporters.JUnitXMLReporter -->
<testsuite ignored="2" hostname="Shamanth" failures="0" tests="0" time="0.029" errors="0" timestamp="2024-03-29T15:03:37 IST">
  <testcase classname="masudeokarwork.SeleniumFrameworkDesign.ErrorValidationTest" name="productErrorValidation" time="0.0">
    <ignored/>
  </testcase> <!-- productErrorValidation -->
  <testcase classname="masudeokarwork.SeleniumFrameworkDesign.ErrorValidationTest" name="LoginErrorValidation" time="0.0">
    <ignored/>
  </testcase> <!-- LoginErrorValidation -->
</testsuite>
